\BOOKMARK [1][-]{section.1}{\376\377\133\236\232\214\166\356\166\204\116\016\211\201\154\102}{}% 1
\BOOKMARK [2][-]{subsection.1.1}{\376\377\133\236\232\214\200\314\146\157\116\016\141\017\116\111}{section.1}% 2
\BOOKMARK [2][-]{subsection.1.2}{\376\377\133\236\232\214\116\373\122\241}{section.1}% 3
\BOOKMARK [1][-]{section.2}{\376\377\174\373\176\337\136\372\152\041\116\016\225\356\230\230\122\006\147\220}{}% 4
\BOOKMARK [2][-]{subsection.2.1}{\376\377\000U\000S\000V\227\136\176\277\140\047\122\250\122\233\133\146\152\041\127\213}{section.2}% 5
\BOOKMARK [3][-]{subsubsection.2.1.1}{\376\377\152\041\127\213\123\302\145\160\162\151\164\006\141\017\116\111}{subsection.2.1}% 6
\BOOKMARK [3][-]{subsubsection.2.1.2}{\376\377\162\266\140\001\172\172\225\364\145\271\172\013\143\250\133\374}{subsection.2.1}% 7
\BOOKMARK [3][-]{subsubsection.2.1.3}{\376\377\000S\000-\000F\000u\000n\000c\000t\000i\000o\000n\152\041\127\213}{subsection.2.1}% 8
\BOOKMARK [2][-]{subsection.2.2}{\376\377\163\257\130\203\136\162\142\160\152\041\127\213}{section.2}% 9
\BOOKMARK [2][-]{subsection.2.3}{\376\377\140\047\200\375\213\304\116\367\143\007\150\007\133\232\116\111}{section.2}% 10
\BOOKMARK [1][-]{section.3}{\376\377\143\247\122\066\126\150\213\276\213\241\116\016\133\236\163\260}{}% 11
\BOOKMARK [2][-]{subsection.3.1}{\376\377\146\156\220\032\000P\000I\000D\143\247\122\066\126\150\213\276\213\241}{section.3}% 12
\BOOKMARK [3][-]{subsubsection.3.1.1}{\376\377\143\247\122\066\126\150\176\323\147\204\116\016\213\276\213\241\140\035\215\357}{subsection.3.1}% 13
\BOOKMARK [3][-]{subsubsection.3.1.2}{\376\377\000S\000i\000m\000u\000l\000i\000n\000k\133\236\163\260}{subsection.3.1}% 14
\BOOKMARK [3][-]{subsubsection.3.1.3}{\376\377\116\377\167\037\176\323\147\234}{subsection.3.1}% 15
\BOOKMARK [2][-]{subsection.3.2}{\376\377\166\364\143\245\116\023\133\266\143\247\122\066\126\150\213\276\213\241}{section.3}% 16
\BOOKMARK [3][-]{subsubsection.3.2.1}{\376\377\211\304\122\031\136\223\213\276\213\241}{subsection.3.2}% 17
\BOOKMARK [3][-]{subsubsection.3.2.2}{\376\377\143\250\164\006\147\072\213\276\213\241}{subsection.3.2}% 18
\BOOKMARK [3][-]{subsubsection.3.2.3}{\376\377\116\377\167\037\176\323\147\234}{subsection.3.2}% 19
\BOOKMARK [2][-]{subsection.3.3}{\376\377\116\023\133\266\000P\000I\000D\143\247\122\066\126\150\213\276\213\241}{section.3}% 20
\BOOKMARK [3][-]{subsubsection.3.3.1}{\376\377\211\304\122\031\136\223\213\276\213\241}{subsection.3.3}% 21
\BOOKMARK [3][-]{subsubsection.3.3.2}{\376\377\143\250\164\006\147\072\213\276\213\241}{subsection.3.3}% 22
\BOOKMARK [3][-]{subsubsection.3.3.3}{\376\377\116\377\167\037\176\323\147\234}{subsection.3.3}% 23
\BOOKMARK [1][-]{section.4}{\376\377\140\047\200\375\122\006\147\220}{}% 24
\BOOKMARK [2][-]{subsection.4.1}{\376\377\150\007\121\306\135\345\121\265\116\013\166\204\133\371\153\324\122\006\147\220}{section.4}% 25
\BOOKMARK [2][-]{subsection.4.2}{\376\377\234\201\150\322\140\047\122\006\147\220\377\032\123\302\145\160\144\104\122\250}{section.4}% 26
\BOOKMARK [2][-]{subsection.4.3}{\376\377\142\227\136\162\142\160\140\047\122\006\147\220\377\032\163\257\130\203\126\152\130\360\130\236\137\072}{section.4}% 27
\BOOKMARK [2][-]{subsection.4.4}{\376\377\215\337\216\052\140\047\200\375\122\006\147\220\377\032\153\143\137\046\117\341\123\367\215\337\216\052}{section.4}% 28
\BOOKMARK [1][-]{section.5}{\376\377\176\323\213\272}{}% 29
\BOOKMARK [1][-]{section.6}{\376\377\137\303\137\227\117\123\117\032}{}% 30
\BOOKMARK [1][-]{appendix.A}{\376\377\226\104\137\125\0001\377\032\226\104\116\366\176\323\147\204}{}% 31
\BOOKMARK [1][-]{appendix.B}{\376\377\226\104\137\125\0002\377\032\143\250\164\006\147\072\116\343\170\001}{}% 32
