\BOOKMARK [1][-]{section.1}{\376\377\156\051\136\246\150\300\155\113\116\016\146\076\171\072\116\352\210\150\133\236\232\214}{}% 1
\BOOKMARK [2][-]{subsection.1.1}{\376\377\156\051\136\246\150\300\155\113\117\040\141\037\126\150\116\016\150\300\155\113\116\352\210\150\133\236\232\214}{section.1}% 2
\BOOKMARK [3][-]{subsubsection.1.1.1}{\376\377\133\236\232\214\166\356\166\204}{subsection.1.1}% 3
\BOOKMARK [3][-]{subsubsection.1.1.2}{\376\377\133\236\232\214\211\201\154\102}{subsection.1.1}% 4
\BOOKMARK [3][-]{subsubsection.1.1.3}{\376\377\133\236\232\214\123\237\164\006}{subsection.1.1}% 5
\BOOKMARK [3][-]{subsubsection.1.1.4}{\376\377\133\236\232\214\153\145\232\244}{subsection.1.1}% 6
\BOOKMARK [3][-]{subsubsection.1.1.5}{\376\377\145\160\143\156\213\260\137\125\116\016\131\004\164\006}{subsection.1.1}% 7
\BOOKMARK [3][-]{subsubsection.1.1.6}{\376\377\140\035\200\003\230\230}{subsection.1.1}% 8
\BOOKMARK [2][-]{subsection.1.2}{\376\377\160\355\165\065\120\166\150\041\121\306\133\236\232\214}{section.1}% 9
\BOOKMARK [3][-]{subsubsection.1.2.1}{\376\377\133\236\232\214\166\356\166\204}{subsection.1.2}% 10
\BOOKMARK [3][-]{subsubsection.1.2.2}{\376\377\133\236\232\214\211\201\154\102}{subsection.1.2}% 11
\BOOKMARK [3][-]{subsubsection.1.2.3}{\376\377\133\236\232\214\123\237\164\006}{subsection.1.2}% 12
\BOOKMARK [3][-]{subsubsection.1.2.4}{\376\377\133\236\232\214\153\145\232\244}{subsection.1.2}% 13
\BOOKMARK [3][-]{subsubsection.1.2.5}{\376\377\145\160\143\156\213\260\137\125\116\016\131\004\164\006}{subsection.1.2}% 14
\BOOKMARK [3][-]{subsubsection.1.2.6}{\376\377\145\160\143\156\122\006\147\220}{subsection.1.2}% 15
\BOOKMARK [3][-]{subsubsection.1.2.7}{\376\377\140\035\200\003\230\230}{subsection.1.2}% 16
\BOOKMARK [2][-]{subsection.1.3}{\376\377\160\355\165\065\120\166\156\051\136\246\146\076\171\072\116\352\210\150\133\236\232\214}{section.1}% 17
\BOOKMARK [3][-]{subsubsection.1.3.1}{\376\377\133\236\232\214\166\356\166\204}{subsection.1.3}% 18
\BOOKMARK [3][-]{subsubsection.1.3.2}{\376\377\133\236\232\214\116\352\126\150\213\276\131\007\060\001\210\305\177\156}{subsection.1.3}% 19
\BOOKMARK [3][-]{subsubsection.1.3.3}{\376\377\133\236\232\214\153\145\232\244}{subsection.1.3}% 20
\BOOKMARK [3][-]{subsubsection.1.3.4}{\376\377\145\160\143\156\213\260\137\125\116\016\131\004\164\006}{subsection.1.3}% 21
\BOOKMARK [3][-]{subsubsection.1.3.5}{\376\377\140\035\200\003\230\230}{subsection.1.3}% 22
\BOOKMARK [1][-]{section.2}{\376\377\123\213\122\233\060\001\155\262\117\115\060\001\155\101\221\317\133\236\232\214}{}% 23
\BOOKMARK [1][-]{section.3}{\376\377\146\172\200\375\116\247\176\277\117\040\141\037\116\016\150\300\155\113\133\236\232\214}{}% 24
